  Ball.cpp
  GameLogic.cpp
C:\PongProject\PongProject\GameLogic.cpp(15,54): warning C4244: =: преобразование "sf::Int64" в "float", возможна потеря данных
C:\PongProject\PongProject\GameLogic.cpp(22,36): warning C4305: +=: усечение из "double" в "float"
C:\PongProject\PongProject\GameLogic.cpp(11,11): warning C4101: time: неиспользованная локальная переменная
C:\PongProject\PongProject\GameLogic.cpp(73,15): warning C4244: аргумент: преобразование "time_t" в "unsigned int", возможна потеря данных
C:\PongProject\PongProject\GameLogic.cpp(128,53): warning C4244: аргумент: преобразование "int" в "T", возможна потеря данных
          with
          [
              T=float
          ]
C:\PongProject\PongProject\GameLogic.cpp(128,37): warning C4244: аргумент: преобразование "int" в "T", возможна потеря данных
          with
          [
              T=float
          ]
C:\PongProject\PongProject\GameLogic.cpp(142,77): warning C4244: аргумент: преобразование "int" в "T", возможна потеря данных
          with
          [
              T=float
          ]
C:\PongProject\PongProject\GameLogic.cpp(142,50): warning C4244: аргумент: преобразование "int" в "T", возможна потеря данных
          with
          [
              T=float
          ]
C:\PongProject\PongProject\GameLogic.cpp(196,31): warning C4244: +=: преобразование "float" в "int", возможна потеря данных
C:\PongProject\PongProject\GameLogic.cpp(222,28): warning C4244: +=: преобразование "float" в "int", возможна потеря данных
C:\PongProject\PongProject\GameLogic.cpp(223,28): warning C4244: +=: преобразование "float" в "int", возможна потеря данных
  main.cpp
  Создание кода
  0 of 101 functions ( 0.0%) were compiled, the rest were copied from previous compilation.
    0 functions were new in current compilation
    0 functions had inline decision re-evaluated but remain unchanged
  Создание кода завершено
  PongProject.vcxproj -> C:\PongProject\PongProject\x64\Release\PongProject.exe
